[debug] [2025-02-13T08:29:17.337Z] ----------------------------------------------------------------------
[debug] [2025-02-13T08:29:17.341Z] Command:       C:\Program Files\nodejs\node.exe C:\Users\fight\AppData\Roaming\npm\node_modules\firebase-tools\lib\bin\firebase.js init
[debug] [2025-02-13T08:29:17.341Z] CLI Version:   13.31.0
[debug] [2025-02-13T08:29:17.341Z] Platform:      win32
[debug] [2025-02-13T08:29:17.342Z] Node Version:  v22.11.0
[debug] [2025-02-13T08:29:17.342Z] Time:          Thu Feb 13 2025 09:29:17 GMT+0100 (hora estándar de Europa central)
[debug] [2025-02-13T08:29:17.342Z] ----------------------------------------------------------------------
[debug] 
[debug] [2025-02-13T08:29:17.347Z] >>> [apiv2][query] GET https://firebase-public.firebaseio.com/cli.json [none]
[debug] [2025-02-13T08:29:17.428Z] > command requires scopes: ["email","openid","https://www.googleapis.com/auth/cloudplatformprojects.readonly","https://www.googleapis.com/auth/firebase","https://www.googleapis.com/auth/cloud-platform"]
[debug] [2025-02-13T08:29:17.428Z] > authorizing via signed-in user (drums4gusto@gmail.com)
[info] 
     ######## #### ########  ######## ########     ###     ######  ########
     ##        ##  ##     ## ##       ##     ##  ##   ##  ##       ##
     ######    ##  ########  ######   ########  #########  ######  ######
     ##        ##  ##    ##  ##       ##     ## ##     ##       ## ##
     ##       #### ##     ## ######## ########  ##     ##  ######  ########

You're about to initialize a Firebase project in this directory:

  C:\Users\fight\OneDrive\Documentos\GitHub\cursos-online

[debug] [2025-02-13T08:29:17.895Z] <<< [apiv2][status] GET https://firebase-public.firebaseio.com/cli.json 200
[debug] [2025-02-13T08:29:17.896Z] <<< [apiv2][body] GET https://firebase-public.firebaseio.com/cli.json {"cloudBuildErrorAfter":1594252800000,"cloudBuildWarnAfter":1590019200000,"defaultNode10After":1594252800000,"minVersion":"3.0.5","node8DeploysDisabledAfter":1613390400000,"node8RuntimeDisabledAfter":1615809600000,"node8WarnAfter":1600128000000}
